<?xml version="1.0"?>
<testsuite name="Chrome Headless 103.0.5060.114 (Windows 10)" package="" timestamp="2022-07-12T20:45:52" id="0" hostname="BinaryWhite" tests="13" errors="0" failures="0" time="0.024">
  <properties>
    <property name="browser.fullName" value="Mozilla/5.0 (Windows NT 10.0; Win64; x64) AppleWebKit/537.36 (KHTML, like Gecko) HeadlessChrome/103.0.5060.114 Safari/537.36"/>
  </properties>
  <testcase name="TABS.cli output ambiguous auto-complete results" time="0.008" classname="Chrome_Headless_103_0_5060_114_(Windows_10).TABS.cli output"/>
  <testcase name="TABS.cli output unambiguous auto-complete result" time="0" classname="Chrome_Headless_103_0_5060_114_(Windows_10).TABS.cli output"/>
  <testcase name="TABS.cli output unambiguous auto-complete result with partial buffer" time="0" classname="Chrome_Headless_103_0_5060_114_(Windows_10).TABS.cli output"/>
  <testcase name="TABS.cli output escape characters are skipped" time="0" classname="Chrome_Headless_103_0_5060_114_(Windows_10).TABS.cli output"/>
  <testcase name="TABS.cli input tab key triggers serial message with appended tab char" time="0.005" classname="Chrome_Headless_103_0_5060_114_(Windows_10).TABS.cli input"/>
  <testcase name="TABS.cli input second auto complete in row" time="0.002" classname="Chrome_Headless_103_0_5060_114_(Windows_10).TABS.cli input"/>
  <testcase name="TABS.cli input auto-complete command with trailing space" time="0.001" classname="Chrome_Headless_103_0_5060_114_(Windows_10).TABS.cli input"/>
  <testcase name="TABS.cli input auto-complete after delete characters" time="0.001" classname="Chrome_Headless_103_0_5060_114_(Windows_10).TABS.cli input"/>
  <testcase name="TABS.cli input enter after autocomplete" time="0.001" classname="Chrome_Headless_103_0_5060_114_(Windows_10).TABS.cli input"/>
  <testcase name="TABS.cli input enter after autocomplete" time="0.001" classname="Chrome_Headless_103_0_5060_114_(Windows_10).TABS.cli input"/>
  <testcase name="TABS.cli input enter after deleting characters" time="0.001" classname="Chrome_Headless_103_0_5060_114_(Windows_10).TABS.cli input"/>
  <testcase name="TABS.cli input cliBuffer is cleared on startup" time="0.001" classname="Chrome_Headless_103_0_5060_114_(Windows_10).TABS.cli input"/>
  <testcase name="TABS.cli input exit upon cleanup clears cliBuffer first" time="0.003" classname="Chrome_Headless_103_0_5060_114_(Windows_10).TABS.cli input"/>
  <system-out>
    <![CDATA[
]]>
  </system-out>
  <system-err/>
</testsuite>