<?xml version="1.0"?>
<testsuite name="HeadlessChrome 99.0.4844 (Windows 10.0.0)" package="" timestamp="2022-03-15T08:00:53" id="0" hostname="BinaryWhite" tests="13" errors="0" failures="0" time="0.027">
  <properties>
    <property name="browser.fullName" value="Mozilla/5.0 (Windows NT 10.0; Win64; x64) AppleWebKit/537.36 (KHTML, like Gecko) HeadlessChrome/99.0.4844.51 Safari/537.36"/>
  </properties>
  <testcase name="TABS.cli output ambiguous auto-complete results" time="0.014" classname="HeadlessChrome_99_0_4844_(Windows_10_0_0).TABS.cli output"/>
  <testcase name="TABS.cli output unambiguous auto-complete result" time="0" classname="HeadlessChrome_99_0_4844_(Windows_10_0_0).TABS.cli output"/>
  <testcase name="TABS.cli output unambiguous auto-complete result with partial buffer" time="0" classname="HeadlessChrome_99_0_4844_(Windows_10_0_0).TABS.cli output"/>
  <testcase name="TABS.cli output escape characters are skipped" time="0" classname="HeadlessChrome_99_0_4844_(Windows_10_0_0).TABS.cli output"/>
  <testcase name="TABS.cli input tab key triggers serial message with appended tab char" time="0.004" classname="HeadlessChrome_99_0_4844_(Windows_10_0_0).TABS.cli input"/>
  <testcase name="TABS.cli input second auto complete in row" time="0.001" classname="HeadlessChrome_99_0_4844_(Windows_10_0_0).TABS.cli input"/>
  <testcase name="TABS.cli input auto-complete command with trailing space" time="0.001" classname="HeadlessChrome_99_0_4844_(Windows_10_0_0).TABS.cli input"/>
  <testcase name="TABS.cli input auto-complete after delete characters" time="0.001" classname="HeadlessChrome_99_0_4844_(Windows_10_0_0).TABS.cli input"/>
  <testcase name="TABS.cli input enter after autocomplete" time="0.001" classname="HeadlessChrome_99_0_4844_(Windows_10_0_0).TABS.cli input"/>
  <testcase name="TABS.cli input enter after autocomplete" time="0.001" classname="HeadlessChrome_99_0_4844_(Windows_10_0_0).TABS.cli input"/>
  <testcase name="TABS.cli input enter after deleting characters" time="0.001" classname="HeadlessChrome_99_0_4844_(Windows_10_0_0).TABS.cli input"/>
  <testcase name="TABS.cli input cliBuffer is cleared on startup" time="0.001" classname="HeadlessChrome_99_0_4844_(Windows_10_0_0).TABS.cli input"/>
  <testcase name="TABS.cli input exit upon cleanup clears cliBuffer first" time="0.002" classname="HeadlessChrome_99_0_4844_(Windows_10_0_0).TABS.cli input"/>
  <system-out>
    <![CDATA[
]]>
  </system-out>
  <system-err/>
</testsuite>